0 info it worked if it ends with ok
1 verbose cli [ 'node', '/usr/local/bin/npm', 'install', 'jquery', '--save' ]
2 info using npm@1.4.28
3 info using node@v0.10.32
4 warn package.json green@0.0.1 No repository field.
5 warn package.json green@0.0.1 No README data
6 verbose readDependencies using package.json deps
7 verbose cache add [ 'jquery', null ]
8 verbose cache add name=undefined spec="jquery" args=["jquery",null]
9 verbose parsed url { protocol: null,
9 verbose parsed url   slashes: null,
9 verbose parsed url   auth: null,
9 verbose parsed url   host: null,
9 verbose parsed url   port: null,
9 verbose parsed url   hostname: null,
9 verbose parsed url   hash: null,
9 verbose parsed url   search: null,
9 verbose parsed url   query: null,
9 verbose parsed url   pathname: 'jquery',
9 verbose parsed url   path: 'jquery',
9 verbose parsed url   href: 'jquery' }
10 silly lockFile 6f2ab963-jquery jquery
11 verbose lock jquery /Users/tgdn/.npm/6f2ab963-jquery.lock
12 silly lockFile 6f2ab963-jquery jquery
13 silly lockFile 6f2ab963-jquery jquery
14 verbose addNamed [ 'jquery', '' ]
15 verbose addNamed [ null, '*' ]
16 silly lockFile 039e748d-jquery jquery@
17 verbose lock jquery@ /Users/tgdn/.npm/039e748d-jquery.lock
18 silly addNameRange { name: 'jquery', range: '*', hasData: false }
19 verbose request where is /jquery
20 verbose request registry https://registry.npmjs.org/
21 verbose request id 01ecff7a5057f493
22 verbose url raw /jquery
23 verbose url resolving [ 'https://registry.npmjs.org/', './jquery' ]
24 verbose url resolved https://registry.npmjs.org/jquery
25 verbose request where is https://registry.npmjs.org/jquery
26 info trying registry request attempt 1 at 11:33:43
27 verbose etag "8TWRYE8WY4ZX99TYN1EWWS9E1"
28 http GET https://registry.npmjs.org/jquery
29 http 200 https://registry.npmjs.org/jquery
30 silly registry.get cb [ 200,
30 silly registry.get   { server: 'CouchDB/1.5.0 (Erlang OTP/R16B03)',
30 silly registry.get     etag: '"7MTBQVA18O59QYMQM9TY3F3AT"',
30 silly registry.get     'content-type': 'application/json',
30 silly registry.get     'cache-control': 'max-age=300',
30 silly registry.get     'content-length': '57984',
30 silly registry.get     'accept-ranges': 'bytes',
30 silly registry.get     date: 'Fri, 26 Feb 2016 10:33:43 GMT',
30 silly registry.get     via: '1.1 varnish',
30 silly registry.get     age: '25',
30 silly registry.get     connection: 'keep-alive',
30 silly registry.get     'x-served-by': 'cache-fra1248-FRA',
30 silly registry.get     'x-cache': 'HIT',
30 silly registry.get     'x-cache-hits': '1',
30 silly registry.get     'x-timer': 'S1456482823.708716,VS0,VE0',
30 silly registry.get     vary: 'Accept' } ]
31 silly addNameRange number 2 { name: 'jquery', range: '*', hasData: true }
32 silly addNameRange versions [ 'jquery',
32 silly addNameRange   [ '1.5.1',
32 silly addNameRange     '1.6.2',
32 silly addNameRange     '1.6.3',
32 silly addNameRange     '1.7.2',
32 silly addNameRange     '1.7.3',
32 silly addNameRange     '1.8.2',
32 silly addNameRange     '1.8.3',
32 silly addNameRange     '2.1.0-beta2',
32 silly addNameRange     '2.1.0-beta3',
32 silly addNameRange     '1.11.0-beta3',
32 silly addNameRange     '1.11.0-rc1',
32 silly addNameRange     '2.1.0-rc1',
32 silly addNameRange     '1.11.0',
32 silly addNameRange     '2.1.0',
32 silly addNameRange     '2.1.1-beta1',
32 silly addNameRange     '1.11.1-beta1',
32 silly addNameRange     '2.1.1-rc1',
32 silly addNameRange     '1.11.1-rc1',
32 silly addNameRange     '2.1.1-rc2',
32 silly addNameRange     '1.11.1-rc2',
32 silly addNameRange     '2.1.1',
32 silly addNameRange     '1.11.1',
32 silly addNameRange     '1.9.1',
32 silly addNameRange     '2.1.2',
32 silly addNameRange     '1.11.2',
32 silly addNameRange     '2.1.3',
32 silly addNameRange     '2.1.4',
32 silly addNameRange     '1.11.3',
32 silly addNameRange     '3.0.0-alpha1',
32 silly addNameRange     '1.12.0',
32 silly addNameRange     '2.2.0',
32 silly addNameRange     '3.0.0-beta1',
32 silly addNameRange     '1.12.1',
32 silly addNameRange     '2.2.1' ] ]
33 verbose addNamed [ 'jquery', '2.2.1' ]
34 verbose addNamed [ '2.2.1', '2.2.1' ]
35 silly lockFile 97d245d8-jquery-2-2-1 jquery@2.2.1
36 verbose lock jquery@2.2.1 /Users/tgdn/.npm/97d245d8-jquery-2-2-1.lock
37 silly lockFile 8aa94fa3-pmjs-org-jquery-jquery-2-2-1-tgz https://registry.npmjs.org/jquery/-/jquery-2.2.1.tgz
38 verbose lock https://registry.npmjs.org/jquery/-/jquery-2.2.1.tgz /Users/tgdn/.npm/8aa94fa3-pmjs-org-jquery-jquery-2-2-1-tgz.lock
39 verbose addRemoteTarball [ 'https://registry.npmjs.org/jquery/-/jquery-2.2.1.tgz',
39 verbose addRemoteTarball   '3c3e16854ad3d2ac44ac65021b17426d22ad803f' ]
40 info retry fetch attempt 1 at 11:33:43
41 verbose fetch to= /var/folders/1h/9x0f8rg9463cvmjgdm0v44l00000gn/T/npm-77952-N8rtxLyG/registry.npmjs.org/jquery/-/jquery-2.2.1.tgz
42 http GET https://registry.npmjs.org/jquery/-/jquery-2.2.1.tgz
43 http 200 https://registry.npmjs.org/jquery/-/jquery-2.2.1.tgz
44 silly lockFile 8aa94fa3-pmjs-org-jquery-jquery-2-2-1-tgz https://registry.npmjs.org/jquery/-/jquery-2.2.1.tgz
45 silly lockFile 8aa94fa3-pmjs-org-jquery-jquery-2-2-1-tgz https://registry.npmjs.org/jquery/-/jquery-2.2.1.tgz
46 silly lockFile 97d245d8-jquery-2-2-1 jquery@2.2.1
47 silly lockFile 97d245d8-jquery-2-2-1 jquery@2.2.1
48 silly lockFile 039e748d-jquery jquery@
49 silly lockFile 039e748d-jquery jquery@
50 error Error: EACCES, mkdir '/Users/tgdn/.npm/jquery/2.2.1'
50 error  { [Error: EACCES, mkdir '/Users/tgdn/.npm/jquery/2.2.1']
50 error   errno: 3,
50 error   code: 'EACCES',
50 error   path: '/Users/tgdn/.npm/jquery/2.2.1',
50 error   parent: 'green' }
51 error Please try running this command again as root/Administrator.
52 error System Darwin 14.5.0
53 error command "node" "/usr/local/bin/npm" "install" "jquery" "--save"
54 error cwd /Applications/MAMP/htdocs/cs139/green/public/static/js/lib
55 error node -v v0.10.32
56 error npm -v 1.4.28
57 error path /Users/tgdn/.npm/jquery/2.2.1
58 error code EACCES
59 error errno 3
60 error stack Error: EACCES, mkdir '/Users/tgdn/.npm/jquery/2.2.1'
61 verbose exit [ 3, true ]
