0 info it worked if it ends with ok
1 verbose cli [ 'node', '/usr/local/bin/npm', 'install' ]
2 info using npm@1.4.28
3 info using node@v0.10.32
4 warn package.json green@0.0.1 No repository field.
5 warn package.json green@0.0.1 No README data
6 verbose readDependencies using package.json deps
7 verbose install where, deps [ '/Applications/MAMP/htdocs/cs139/green/public/static/js',
7 verbose install   [ 'classnames',
7 verbose install     'validator',
7 verbose install     'babel-core',
7 verbose install     'babel-loader',
7 verbose install     'babel-preset-es2015',
7 verbose install     'webpack',
7 verbose install     'webpack-merge' ] ]
8 info preinstall green@0.0.1
9 verbose readDependencies using package.json deps
10 verbose cache add [ 'classnames@^2.2.3', null ]
11 verbose cache add name=undefined spec="classnames@^2.2.3" args=["classnames@^2.2.3",null]
12 verbose parsed url { protocol: null,
12 verbose parsed url   slashes: null,
12 verbose parsed url   auth: null,
12 verbose parsed url   host: null,
12 verbose parsed url   port: null,
12 verbose parsed url   hostname: null,
12 verbose parsed url   hash: null,
12 verbose parsed url   search: null,
12 verbose parsed url   query: null,
12 verbose parsed url   pathname: 'classnames@^2.2.3',
12 verbose parsed url   path: 'classnames@^2.2.3',
12 verbose parsed url   href: 'classnames@^2.2.3' }
13 verbose cache add [ 'validator@^4.9.0', null ]
14 verbose cache add name=undefined spec="validator@^4.9.0" args=["validator@^4.9.0",null]
15 verbose parsed url { protocol: null,
15 verbose parsed url   slashes: null,
15 verbose parsed url   auth: null,
15 verbose parsed url   host: null,
15 verbose parsed url   port: null,
15 verbose parsed url   hostname: null,
15 verbose parsed url   hash: null,
15 verbose parsed url   search: null,
15 verbose parsed url   query: null,
15 verbose parsed url   pathname: 'validator@^4.9.0',
15 verbose parsed url   path: 'validator@^4.9.0',
15 verbose parsed url   href: 'validator@^4.9.0' }
16 verbose cache add name="classnames" spec="^2.2.3" args=["classnames","^2.2.3"]
17 verbose parsed url { protocol: null,
17 verbose parsed url   slashes: null,
17 verbose parsed url   auth: null,
17 verbose parsed url   host: null,
17 verbose parsed url   port: null,
17 verbose parsed url   hostname: null,
17 verbose parsed url   hash: null,
17 verbose parsed url   search: null,
17 verbose parsed url   query: null,
17 verbose parsed url   pathname: '^2.2.3',
17 verbose parsed url   path: '^2.2.3',
17 verbose parsed url   href: '^2.2.3' }
18 verbose addNamed [ 'classnames', '^2.2.3' ]
19 verbose addNamed [ null, '>=2.2.3-0 <3.0.0-0' ]
20 verbose cache add [ 'babel-core@^6.5.2', null ]
21 verbose cache add name=undefined spec="babel-core@^6.5.2" args=["babel-core@^6.5.2",null]
22 verbose parsed url { protocol: null,
22 verbose parsed url   slashes: null,
22 verbose parsed url   auth: null,
22 verbose parsed url   host: null,
22 verbose parsed url   port: null,
22 verbose parsed url   hostname: null,
22 verbose parsed url   hash: null,
22 verbose parsed url   search: null,
22 verbose parsed url   query: null,
22 verbose parsed url   pathname: 'babel-core@^6.5.2',
22 verbose parsed url   path: 'babel-core@^6.5.2',
22 verbose parsed url   href: 'babel-core@^6.5.2' }
23 verbose cache add name="validator" spec="^4.9.0" args=["validator","^4.9.0"]
24 verbose parsed url { protocol: null,
24 verbose parsed url   slashes: null,
24 verbose parsed url   auth: null,
24 verbose parsed url   host: null,
24 verbose parsed url   port: null,
24 verbose parsed url   hostname: null,
24 verbose parsed url   hash: null,
24 verbose parsed url   search: null,
24 verbose parsed url   query: null,
24 verbose parsed url   pathname: '^4.9.0',
24 verbose parsed url   path: '^4.9.0',
24 verbose parsed url   href: '^4.9.0' }
25 verbose addNamed [ 'validator', '^4.9.0' ]
26 verbose addNamed [ null, '>=4.9.0-0 <5.0.0-0' ]
27 silly lockFile b686c5bd-classnames-2-2-3 classnames@^2.2.3
28 verbose lock classnames@^2.2.3 /Users/tgdn/.npm/b686c5bd-classnames-2-2-3.lock
29 silly lockFile 9fcaca0d-validator-4-9-0 validator@^4.9.0
30 verbose lock validator@^4.9.0 /Users/tgdn/.npm/9fcaca0d-validator-4-9-0.lock
31 verbose cache add [ 'babel-loader@^6.2.3', null ]
32 verbose cache add name=undefined spec="babel-loader@^6.2.3" args=["babel-loader@^6.2.3",null]
33 verbose parsed url { protocol: null,
33 verbose parsed url   slashes: null,
33 verbose parsed url   auth: null,
33 verbose parsed url   host: null,
33 verbose parsed url   port: null,
33 verbose parsed url   hostname: null,
33 verbose parsed url   hash: null,
33 verbose parsed url   search: null,
33 verbose parsed url   query: null,
33 verbose parsed url   pathname: 'babel-loader@^6.2.3',
33 verbose parsed url   path: 'babel-loader@^6.2.3',
33 verbose parsed url   href: 'babel-loader@^6.2.3' }
34 verbose cache add name="babel-core" spec="^6.5.2" args=["babel-core","^6.5.2"]
35 verbose parsed url { protocol: null,
35 verbose parsed url   slashes: null,
35 verbose parsed url   auth: null,
35 verbose parsed url   host: null,
35 verbose parsed url   port: null,
35 verbose parsed url   hostname: null,
35 verbose parsed url   hash: null,
35 verbose parsed url   search: null,
35 verbose parsed url   query: null,
35 verbose parsed url   pathname: '^6.5.2',
35 verbose parsed url   path: '^6.5.2',
35 verbose parsed url   href: '^6.5.2' }
36 verbose addNamed [ 'babel-core', '^6.5.2' ]
37 verbose addNamed [ null, '>=6.5.2-0 <7.0.0-0' ]
38 silly lockFile e19c6dc9-babel-core-6-5-2 babel-core@^6.5.2
39 verbose lock babel-core@^6.5.2 /Users/tgdn/.npm/e19c6dc9-babel-core-6-5-2.lock
40 verbose cache add [ 'babel-preset-es2015@^6.5.0', null ]
41 verbose cache add name=undefined spec="babel-preset-es2015@^6.5.0" args=["babel-preset-es2015@^6.5.0",null]
42 verbose parsed url { protocol: null,
42 verbose parsed url   slashes: null,
42 verbose parsed url   auth: null,
42 verbose parsed url   host: null,
42 verbose parsed url   port: null,
42 verbose parsed url   hostname: null,
42 verbose parsed url   hash: null,
42 verbose parsed url   search: null,
42 verbose parsed url   query: null,
42 verbose parsed url   pathname: 'babel-preset-es2015@^6.5.0',
42 verbose parsed url   path: 'babel-preset-es2015@^6.5.0',
42 verbose parsed url   href: 'babel-preset-es2015@^6.5.0' }
43 verbose cache add name="babel-loader" spec="^6.2.3" args=["babel-loader","^6.2.3"]
44 verbose parsed url { protocol: null,
44 verbose parsed url   slashes: null,
44 verbose parsed url   auth: null,
44 verbose parsed url   host: null,
44 verbose parsed url   port: null,
44 verbose parsed url   hostname: null,
44 verbose parsed url   hash: null,
44 verbose parsed url   search: null,
44 verbose parsed url   query: null,
44 verbose parsed url   pathname: '^6.2.3',
44 verbose parsed url   path: '^6.2.3',
44 verbose parsed url   href: '^6.2.3' }
45 verbose addNamed [ 'babel-loader', '^6.2.3' ]
46 verbose addNamed [ null, '>=6.2.3-0 <7.0.0-0' ]
47 silly lockFile 2db950cc-babel-loader-6-2-3 babel-loader@^6.2.3
48 verbose lock babel-loader@^6.2.3 /Users/tgdn/.npm/2db950cc-babel-loader-6-2-3.lock
49 verbose cache add [ 'webpack@^1.12.13', null ]
50 verbose cache add name=undefined spec="webpack@^1.12.13" args=["webpack@^1.12.13",null]
51 verbose parsed url { protocol: null,
51 verbose parsed url   slashes: null,
51 verbose parsed url   auth: null,
51 verbose parsed url   host: null,
51 verbose parsed url   port: null,
51 verbose parsed url   hostname: null,
51 verbose parsed url   hash: null,
51 verbose parsed url   search: null,
51 verbose parsed url   query: null,
51 verbose parsed url   pathname: 'webpack@^1.12.13',
51 verbose parsed url   path: 'webpack@^1.12.13',
51 verbose parsed url   href: 'webpack@^1.12.13' }
52 verbose cache add name="babel-preset-es2015" spec="^6.5.0" args=["babel-preset-es2015","^6.5.0"]
53 verbose parsed url { protocol: null,
53 verbose parsed url   slashes: null,
53 verbose parsed url   auth: null,
53 verbose parsed url   host: null,
53 verbose parsed url   port: null,
53 verbose parsed url   hostname: null,
53 verbose parsed url   hash: null,
53 verbose parsed url   search: null,
53 verbose parsed url   query: null,
53 verbose parsed url   pathname: '^6.5.0',
53 verbose parsed url   path: '^6.5.0',
53 verbose parsed url   href: '^6.5.0' }
54 verbose addNamed [ 'babel-preset-es2015', '^6.5.0' ]
55 verbose addNamed [ null, '>=6.5.0-0 <7.0.0-0' ]
56 silly lockFile 9201fd7e-babel-preset-es2015-6-5-0 babel-preset-es2015@^6.5.0
57 verbose lock babel-preset-es2015@^6.5.0 /Users/tgdn/.npm/9201fd7e-babel-preset-es2015-6-5-0.lock
58 silly addNameRange { name: 'classnames',
58 silly addNameRange   range: '>=2.2.3-0 <3.0.0-0',
58 silly addNameRange   hasData: false }
59 silly addNameRange { name: 'validator',
59 silly addNameRange   range: '>=4.9.0-0 <5.0.0-0',
59 silly addNameRange   hasData: false }
60 verbose cache add [ 'webpack-merge@^0.7.3', null ]
61 verbose cache add name=undefined spec="webpack-merge@^0.7.3" args=["webpack-merge@^0.7.3",null]
62 verbose parsed url { protocol: null,
62 verbose parsed url   slashes: null,
62 verbose parsed url   auth: null,
62 verbose parsed url   host: null,
62 verbose parsed url   port: null,
62 verbose parsed url   hostname: null,
62 verbose parsed url   hash: null,
62 verbose parsed url   search: null,
62 verbose parsed url   query: null,
62 verbose parsed url   pathname: 'webpack-merge@^0.7.3',
62 verbose parsed url   path: 'webpack-merge@^0.7.3',
62 verbose parsed url   href: 'webpack-merge@^0.7.3' }
63 verbose cache add name="webpack" spec="^1.12.13" args=["webpack","^1.12.13"]
64 verbose parsed url { protocol: null,
64 verbose parsed url   slashes: null,
64 verbose parsed url   auth: null,
64 verbose parsed url   host: null,
64 verbose parsed url   port: null,
64 verbose parsed url   hostname: null,
64 verbose parsed url   hash: null,
64 verbose parsed url   search: null,
64 verbose parsed url   query: null,
64 verbose parsed url   pathname: '^1.12.13',
64 verbose parsed url   path: '^1.12.13',
64 verbose parsed url   href: '^1.12.13' }
65 verbose addNamed [ 'webpack', '^1.12.13' ]
66 verbose addNamed [ null, '>=1.12.13-0 <2.0.0-0' ]
67 silly lockFile 00d9fbd5-webpack-1-12-13 webpack@^1.12.13
68 verbose lock webpack@^1.12.13 /Users/tgdn/.npm/00d9fbd5-webpack-1-12-13.lock
69 silly addNameRange { name: 'babel-core',
69 silly addNameRange   range: '>=6.5.2-0 <7.0.0-0',
69 silly addNameRange   hasData: false }
70 silly addNameRange { name: 'babel-loader',
70 silly addNameRange   range: '>=6.2.3-0 <7.0.0-0',
70 silly addNameRange   hasData: false }
71 verbose cache add name="webpack-merge" spec="^0.7.3" args=["webpack-merge","^0.7.3"]
72 verbose parsed url { protocol: null,
72 verbose parsed url   slashes: null,
72 verbose parsed url   auth: null,
72 verbose parsed url   host: null,
72 verbose parsed url   port: null,
72 verbose parsed url   hostname: null,
72 verbose parsed url   hash: null,
72 verbose parsed url   search: null,
72 verbose parsed url   query: null,
72 verbose parsed url   pathname: '^0.7.3',
72 verbose parsed url   path: '^0.7.3',
72 verbose parsed url   href: '^0.7.3' }
73 verbose addNamed [ 'webpack-merge', '^0.7.3' ]
74 verbose addNamed [ null, '>=0.7.3-0 <0.8.0-0' ]
75 silly lockFile 2bf1add8-webpack-merge-0-7-3 webpack-merge@^0.7.3
76 verbose lock webpack-merge@^0.7.3 /Users/tgdn/.npm/2bf1add8-webpack-merge-0-7-3.lock
77 silly addNameRange { name: 'babel-preset-es2015',
77 silly addNameRange   range: '>=6.5.0-0 <7.0.0-0',
77 silly addNameRange   hasData: false }
78 silly addNameRange { name: 'webpack',
78 silly addNameRange   range: '>=1.12.13-0 <2.0.0-0',
78 silly addNameRange   hasData: false }
79 silly addNameRange { name: 'webpack-merge',
79 silly addNameRange   range: '>=0.7.3-0 <0.8.0-0',
79 silly addNameRange   hasData: false }
80 verbose request where is /classnames
81 verbose request registry https://registry.npmjs.org/
82 verbose request id e5495c5eb2c5150d
83 verbose url raw /classnames
84 verbose url resolving [ 'https://registry.npmjs.org/', './classnames' ]
85 verbose url resolved https://registry.npmjs.org/classnames
86 verbose request where is https://registry.npmjs.org/classnames
87 info trying registry request attempt 1 at 11:58:28
88 verbose etag "D8CMKNX06FCPUYJQIS7KG34EM"
89 http GET https://registry.npmjs.org/classnames
90 verbose request where is /validator
91 verbose request registry https://registry.npmjs.org/
92 verbose url raw /validator
93 verbose url resolving [ 'https://registry.npmjs.org/', './validator' ]
94 verbose url resolved https://registry.npmjs.org/validator
95 verbose request where is https://registry.npmjs.org/validator
96 info trying registry request attempt 1 at 11:58:28
97 verbose etag "N2O258SVIXI6FS8K0M91I6MJ"
98 http GET https://registry.npmjs.org/validator
99 verbose request where is /babel-core
100 verbose request registry https://registry.npmjs.org/
101 verbose url raw /babel-core
102 verbose url resolving [ 'https://registry.npmjs.org/', './babel-core' ]
103 verbose url resolved https://registry.npmjs.org/babel-core
104 verbose request where is https://registry.npmjs.org/babel-core
105 info trying registry request attempt 1 at 11:58:28
106 verbose etag "36CB9D6EU14B4ITU1XKYS8GDH"
107 http GET https://registry.npmjs.org/babel-core
108 verbose request where is /babel-loader
109 verbose request registry https://registry.npmjs.org/
110 verbose url raw /babel-loader
111 verbose url resolving [ 'https://registry.npmjs.org/', './babel-loader' ]
112 verbose url resolved https://registry.npmjs.org/babel-loader
113 verbose request where is https://registry.npmjs.org/babel-loader
114 info trying registry request attempt 1 at 11:58:28
115 verbose etag "C1JMSFXJIZYXQVKBI0UWNALJ8"
116 http GET https://registry.npmjs.org/babel-loader
117 verbose request where is /babel-preset-es2015
118 verbose request registry https://registry.npmjs.org/
119 verbose url raw /babel-preset-es2015
120 verbose url resolving [ 'https://registry.npmjs.org/', './babel-preset-es2015' ]
121 verbose url resolved https://registry.npmjs.org/babel-preset-es2015
122 verbose request where is https://registry.npmjs.org/babel-preset-es2015
123 info trying registry request attempt 1 at 11:58:28
124 verbose etag "44AY1YQB1XMXMGOSFCSVIWZA7"
125 http GET https://registry.npmjs.org/babel-preset-es2015
126 verbose request where is /webpack
127 verbose request registry https://registry.npmjs.org/
128 verbose url raw /webpack
129 verbose url resolving [ 'https://registry.npmjs.org/', './webpack' ]
130 verbose url resolved https://registry.npmjs.org/webpack
131 verbose request where is https://registry.npmjs.org/webpack
132 info trying registry request attempt 1 at 11:58:28
133 verbose etag "BTB4Z7G7O5MY018BKEW2WAITA"
134 http GET https://registry.npmjs.org/webpack
135 verbose request where is /webpack-merge
136 verbose request registry https://registry.npmjs.org/
137 verbose url raw /webpack-merge
138 verbose url resolving [ 'https://registry.npmjs.org/', './webpack-merge' ]
139 verbose url resolved https://registry.npmjs.org/webpack-merge
140 verbose request where is https://registry.npmjs.org/webpack-merge
141 info trying registry request attempt 1 at 11:58:28
142 verbose etag "634NXDPNIXDQH4YGVUL04OX3Y"
143 http GET https://registry.npmjs.org/webpack-merge
144 http 200 https://registry.npmjs.org/classnames
145 silly registry.get cb [ 200,
145 silly registry.get   { server: 'CouchDB/1.5.0 (Erlang OTP/R16B03)',
145 silly registry.get     etag: '"CGROITZ31K6GXQJP3Q7DQS69W"',
145 silly registry.get     'content-type': 'application/json',
145 silly registry.get     'cache-control': 'max-age=300',
145 silly registry.get     'content-length': '29464',
145 silly registry.get     'accept-ranges': 'bytes',
145 silly registry.get     date: 'Thu, 03 Mar 2016 11:58:29 GMT',
145 silly registry.get     via: '1.1 varnish',
145 silly registry.get     age: '227',
145 silly registry.get     connection: 'keep-alive',
145 silly registry.get     'x-served-by': 'cache-lhr6332-LHR',
145 silly registry.get     'x-cache': 'HIT',
145 silly registry.get     'x-cache-hits': '1',
145 silly registry.get     'x-timer': 'S1457006309.745372,VS0,VE0',
145 silly registry.get     vary: 'Accept' } ]
146 silly addNameRange number 2 { name: 'classnames',
146 silly addNameRange   range: '>=2.2.3-0 <3.0.0-0',
146 silly addNameRange   hasData: true }
147 silly addNameRange versions [ 'classnames',
147 silly addNameRange   [ '1.0.0',
147 silly addNameRange     '1.1.0',
147 silly addNameRange     '1.1.1',
147 silly addNameRange     '1.1.2',
147 silly addNameRange     '1.1.3',
147 silly addNameRange     '1.1.4',
147 silly addNameRange     '1.2.0',
147 silly addNameRange     '1.2.1',
147 silly addNameRange     '1.2.2',
147 silly addNameRange     '2.0.0',
147 silly addNameRange     '2.1.0',
147 silly addNameRange     '2.1.1',
147 silly addNameRange     '2.1.2',
147 silly addNameRange     '2.1.3',
147 silly addNameRange     '2.1.4',
147 silly addNameRange     '2.1.5',
147 silly addNameRange     '2.2.0',
147 silly addNameRange     '2.2.1',
147 silly addNameRange     '2.2.2',
147 silly addNameRange     '2.2.3' ] ]
148 verbose addNamed [ 'classnames', '2.2.3' ]
149 verbose addNamed [ '2.2.3', '2.2.3' ]
150 silly lockFile 447180d4-classnames-2-2-3 classnames@2.2.3
151 verbose lock classnames@2.2.3 /Users/tgdn/.npm/447180d4-classnames-2-2-3.lock
152 silly lockFile 447180d4-classnames-2-2-3 classnames@2.2.3
153 silly lockFile 447180d4-classnames-2-2-3 classnames@2.2.3
154 silly lockFile b686c5bd-classnames-2-2-3 classnames@^2.2.3
155 silly lockFile b686c5bd-classnames-2-2-3 classnames@^2.2.3
156 http 200 https://registry.npmjs.org/babel-loader
157 silly registry.get cb [ 200,
157 silly registry.get   { server: 'CouchDB/1.5.0 (Erlang OTP/R16B03)',
157 silly registry.get     etag: '"DHV7QV1R4YEFPR2PWM6UKBO7A"',
157 silly registry.get     'content-type': 'application/json',
157 silly registry.get     'cache-control': 'max-age=300',
157 silly registry.get     'content-length': '46577',
157 silly registry.get     'accept-ranges': 'bytes',
157 silly registry.get     date: 'Thu, 03 Mar 2016 11:58:29 GMT',
157 silly registry.get     via: '1.1 varnish',
157 silly registry.get     age: '267',
157 silly registry.get     connection: 'keep-alive',
157 silly registry.get     'x-served-by': 'cache-lhr6335-LHR',
157 silly registry.get     'x-cache': 'HIT',
157 silly registry.get     'x-cache-hits': '3',
157 silly registry.get     'x-timer': 'S1457006309.837331,VS0,VE0',
157 silly registry.get     vary: 'Accept' } ]
158 silly addNameRange number 2 { name: 'babel-loader',
158 silly addNameRange   range: '>=6.2.3-0 <7.0.0-0',
158 silly addNameRange   hasData: true }
159 silly addNameRange versions [ 'babel-loader',
159 silly addNameRange   [ '4.0.0',
159 silly addNameRange     '4.1.0',
159 silly addNameRange     '4.2.0',
159 silly addNameRange     '4.3.0',
159 silly addNameRange     '5.0.0',
159 silly addNameRange     '5.1.0',
159 silly addNameRange     '5.1.2',
159 silly addNameRange     '5.1.3',
159 silly addNameRange     '5.1.4',
159 silly addNameRange     '5.2.0',
159 silly addNameRange     '5.2.1',
159 silly addNameRange     '5.2.2',
159 silly addNameRange     '5.3.0',
159 silly addNameRange     '5.3.1',
159 silly addNameRange     '5.3.2',
159 silly addNameRange     '5.3.3',
159 silly addNameRange     '6.0.0',
159 silly addNameRange     '6.0.1',
159 silly addNameRange     '6.1.0',
159 silly addNameRange     '5.4.0',
159 silly addNameRange     '6.2.0',
159 silly addNameRange     '6.2.1',
159 silly addNameRange     '6.2.2',
159 silly addNameRange     '6.2.3',
159 silly addNameRange     '6.2.4' ] ]
160 verbose addNamed [ 'babel-loader', '6.2.4' ]
161 verbose addNamed [ '6.2.4', '6.2.4' ]
162 silly lockFile 0dca7372-babel-loader-6-2-4 babel-loader@6.2.4
163 verbose lock babel-loader@6.2.4 /Users/tgdn/.npm/0dca7372-babel-loader-6-2-4.lock
164 silly lockFile c02a7da3-el-loader-babel-loader-6-2-4-tgz https://registry.npmjs.org/babel-loader/-/babel-loader-6.2.4.tgz
165 verbose lock https://registry.npmjs.org/babel-loader/-/babel-loader-6.2.4.tgz /Users/tgdn/.npm/c02a7da3-el-loader-babel-loader-6-2-4-tgz.lock
166 verbose addRemoteTarball [ 'https://registry.npmjs.org/babel-loader/-/babel-loader-6.2.4.tgz',
166 verbose addRemoteTarball   'aa70aff8ddc223a5952e839a43a6c3a4c8bfa1e9' ]
167 info retry fetch attempt 1 at 11:58:31
168 verbose fetch to= /var/folders/1h/9x0f8rg9463cvmjgdm0v44l00000gn/T/npm-34547-JuA9XRGr/registry.npmjs.org/babel-loader/-/babel-loader-6.2.4.tgz
169 http GET https://registry.npmjs.org/babel-loader/-/babel-loader-6.2.4.tgz
170 http 200 https://registry.npmjs.org/webpack-merge
171 silly registry.get cb [ 200,
171 silly registry.get   { server: 'CouchDB/1.5.0 (Erlang OTP/R16B03)',
171 silly registry.get     etag: '"5SK64F716DOB3K8F65TUK34OA"',
171 silly registry.get     'content-type': 'application/json',
171 silly registry.get     'cache-control': 'max-age=300',
171 silly registry.get     'content-length': '32349',
171 silly registry.get     'accept-ranges': 'bytes',
171 silly registry.get     date: 'Thu, 03 Mar 2016 11:58:32 GMT',
171 silly registry.get     via: '1.1 varnish',
171 silly registry.get     age: '0',
171 silly registry.get     connection: 'keep-alive',
171 silly registry.get     'x-served-by': 'cache-lhr6335-LHR',
171 silly registry.get     'x-cache': 'HIT',
171 silly registry.get     'x-cache-hits': '1',
171 silly registry.get     'x-timer': 'S1457006312.021822,VS0,VE168',
171 silly registry.get     vary: 'Accept' } ]
172 http 200 https://registry.npmjs.org/babel-preset-es2015
173 silly registry.get cb [ 200,
173 silly registry.get   { server: 'CouchDB/1.5.0 (Erlang OTP/R16B03)',
173 silly registry.get     etag: '"9DB7FFAGZ0RQ8VCPU7V29ENKQ"',
173 silly registry.get     'content-type': 'application/json',
173 silly registry.get     'cache-control': 'max-age=300',
173 silly registry.get     'content-length': '33100',
173 silly registry.get     'accept-ranges': 'bytes',
173 silly registry.get     date: 'Thu, 03 Mar 2016 11:58:29 GMT',
173 silly registry.get     via: '1.1 varnish',
173 silly registry.get     age: '1',
173 silly registry.get     connection: 'keep-alive',
173 silly registry.get     'x-served-by': 'cache-lhr6330-LHR',
173 silly registry.get     'x-cache': 'HIT',
173 silly registry.get     'x-cache-hits': '1',
173 silly registry.get     'x-timer': 'S1457006309.760456,VS0,VE0',
173 silly registry.get     vary: 'Accept' } ]
174 silly addNameRange number 2 { name: 'webpack-merge',
174 silly addNameRange   range: '>=0.7.3-0 <0.8.0-0',
174 silly addNameRange   hasData: true }
175 silly addNameRange versions [ 'webpack-merge',
175 silly addNameRange   [ '0.1.0',
175 silly addNameRange     '0.1.1',
175 silly addNameRange     '0.1.2',
175 silly addNameRange     '0.1.3',
175 silly addNameRange     '0.2.0',
175 silly addNameRange     '0.3.0',
175 silly addNameRange     '0.3.1',
175 silly addNameRange     '0.3.2',
175 silly addNameRange     '0.4.0',
175 silly addNameRange     '0.5.0',
175 silly addNameRange     '0.5.1',
175 silly addNameRange     '0.6.0',
175 silly addNameRange     '0.7.0',
175 silly addNameRange     '0.7.1',
175 silly addNameRange     '0.7.2',
175 silly addNameRange     '0.7.3',
175 silly addNameRange     '0.8.0',
175 silly addNameRange     '0.8.1',
175 silly addNameRange     '0.8.2',
175 silly addNameRange     '0.8.3' ] ]
176 verbose addNamed [ 'webpack-merge', '0.7.3' ]
177 verbose addNamed [ '0.7.3', '0.7.3' ]
178 silly lockFile d21e82b0-webpack-merge-0-7-3 webpack-merge@0.7.3
179 verbose lock webpack-merge@0.7.3 /Users/tgdn/.npm/d21e82b0-webpack-merge-0-7-3.lock
180 silly addNameRange number 2 { name: 'babel-preset-es2015',
180 silly addNameRange   range: '>=6.5.0-0 <7.0.0-0',
180 silly addNameRange   hasData: true }
181 silly addNameRange versions [ 'babel-preset-es2015',
181 silly addNameRange   [ '6.0.2',
181 silly addNameRange     '6.0.8',
181 silly addNameRange     '6.0.11',
181 silly addNameRange     '6.0.12',
181 silly addNameRange     '6.0.14',
181 silly addNameRange     '6.0.15',
181 silly addNameRange     '6.1.2',
181 silly addNameRange     '6.1.4',
181 silly addNameRange     '6.1.17',
181 silly addNameRange     '6.1.18',
181 silly addNameRange     '6.2.4',
181 silly addNameRange     '6.3.13',
181 silly addNameRange     '6.5.0',
181 silly addNameRange     '6.5.0-1',
181 silly addNameRange     '6.6.0' ] ]
182 verbose addNamed [ 'babel-preset-es2015', '6.6.0' ]
183 verbose addNamed [ '6.6.0', '6.6.0' ]
184 silly lockFile 172d6825-babel-preset-es2015-6-6-0 babel-preset-es2015@6.6.0
185 verbose lock babel-preset-es2015@6.6.0 /Users/tgdn/.npm/172d6825-babel-preset-es2015-6-6-0.lock
186 silly lockFile 0378e675-15-babel-preset-es2015-6-6-0-tgz https://registry.npmjs.org/babel-preset-es2015/-/babel-preset-es2015-6.6.0.tgz
187 verbose lock https://registry.npmjs.org/babel-preset-es2015/-/babel-preset-es2015-6.6.0.tgz /Users/tgdn/.npm/0378e675-15-babel-preset-es2015-6-6-0-tgz.lock
188 verbose addRemoteTarball [ 'https://registry.npmjs.org/babel-preset-es2015/-/babel-preset-es2015-6.6.0.tgz',
188 verbose addRemoteTarball   '88b33e58fec94c6ebde58dc65ece5d14e0ec2568' ]
189 info retry fetch attempt 1 at 11:58:32
190 verbose fetch to= /var/folders/1h/9x0f8rg9463cvmjgdm0v44l00000gn/T/npm-34547-JuA9XRGr/registry.npmjs.org/babel-preset-es2015/-/babel-preset-es2015-6.6.0.tgz
191 silly lockFile d21e82b0-webpack-merge-0-7-3 webpack-merge@0.7.3
192 silly lockFile d21e82b0-webpack-merge-0-7-3 webpack-merge@0.7.3
193 http GET https://registry.npmjs.org/babel-preset-es2015/-/babel-preset-es2015-6.6.0.tgz
194 silly lockFile 2bf1add8-webpack-merge-0-7-3 webpack-merge@^0.7.3
195 silly lockFile 2bf1add8-webpack-merge-0-7-3 webpack-merge@^0.7.3
196 http 200 https://registry.npmjs.org/validator
197 silly registry.get cb [ 200,
197 silly registry.get   { server: 'CouchDB/1.5.0 (Erlang OTP/R16B03)',
197 silly registry.get     etag: '"BCY1IW6V7I5A6NZM0AEFKKDZ6"',
197 silly registry.get     'content-type': 'application/json',
197 silly registry.get     'cache-control': 'max-age=300',
197 silly registry.get     'content-length': '213358',
197 silly registry.get     'accept-ranges': 'bytes',
197 silly registry.get     date: 'Thu, 03 Mar 2016 11:58:29 GMT',
197 silly registry.get     via: '1.1 varnish',
197 silly registry.get     age: '298',
197 silly registry.get     connection: 'keep-alive',
197 silly registry.get     'x-served-by': 'cache-lhr6331-LHR',
197 silly registry.get     'x-cache': 'HIT',
197 silly registry.get     'x-cache-hits': '1',
197 silly registry.get     'x-timer': 'S1457006309.745386,VS0,VE0',
197 silly registry.get     vary: 'Accept' } ]
198 silly addNameRange number 2 { name: 'validator', range: '>=4.9.0-0 <5.0.0-0', hasData: true }
199 silly addNameRange versions [ 'validator',
199 silly addNameRange   [ '0.1.0',
199 silly addNameRange     '0.1.1',
199 silly addNameRange     '0.1.2',
199 silly addNameRange     '0.1.3',
199 silly addNameRange     '0.1.4',
199 silly addNameRange     '0.1.5',
199 silly addNameRange     '0.1.6',
199 silly addNameRange     '0.1.7',
199 silly addNameRange     '0.1.8',
199 silly addNameRange     '0.1.9',
199 silly addNameRange     '0.2.0',
199 silly addNameRange     '0.2.1',
199 silly addNameRange     '0.2.2',
199 silly addNameRange     '0.2.3',
199 silly addNameRange     '0.2.4',
199 silly addNameRange     '0.2.5',
199 silly addNameRange     '0.2.6',
199 silly addNameRange     '0.2.7',
199 silly addNameRange     '0.2.8',
199 silly addNameRange     '0.2.9',
199 silly addNameRange     '0.3.0',
199 silly addNameRange     '0.3.1',
199 silly addNameRange     '0.3.2',
199 silly addNameRange     '0.3.4',
199 silly addNameRange     '0.3.5',
199 silly addNameRange     '0.3.6',
199 silly addNameRange     '0.3.7',
199 silly addNameRange     '0.3.8',
199 silly addNameRange     '0.3.9',
199 silly addNameRange     '0.4.0',
199 silly addNameRange     '0.4.1',
199 silly addNameRange     '0.4.2',
199 silly addNameRange     '0.4.3',
199 silly addNameRange     '0.4.4',
199 silly addNameRange     '0.4.5',
199 silly addNameRange     '0.4.6',
199 silly addNameRange     '0.4.6-1',
199 silly addNameRange     '0.4.6-2',
199 silly addNameRange     '0.4.6-3',
199 silly addNameRange     '0.4.7',
199 silly addNameRange     '0.4.8',
199 silly addNameRange     '0.4.9',
199 silly addNameRange     '0.4.10',
199 silly addNameRange     '0.4.11',
199 silly addNameRange     '0.4.12',
199 silly addNameRange     '0.4.13',
199 silly addNameRange     '0.4.15',
199 silly addNameRange     '0.4.16',
199 silly addNameRange     '0.4.17',
199 silly addNameRange     '0.4.18',
199 silly addNameRange     '0.4.19',
199 silly addNameRange     '0.4.20',
199 silly addNameRange     '0.4.21',
199 silly addNameRange     '0.4.22',
199 silly addNameRange     '0.4.23',
199 silly addNameRange     '0.4.24',
199 silly addNameRange     '0.4.25',
199 silly addNameRange     '0.4.27',
199 silly addNameRange     '0.4.28',
199 silly addNameRange     '0.5.0',
199 silly addNameRange     '1.0.0',
199 silly addNameRange     '1.1.0',
199 silly addNameRange     '1.1.1',
199 silly addNameRange     '1.1.2',
199 silly addNameRange     '1.1.3',
199 silly addNameRange     '1.2.0',
199 silly addNameRange     '1.2.1',
199 silly addNameRange     '1.2.2',
199 silly addNameRange     '1.3.0',
199 silly addNameRange     '1.4.0',
199 silly addNameRange     '1.5.0',
199 silly addNameRange     '1.5.1',
199 silly addNameRange     '2.0.0',
199 silly addNameRange     '2.1.0',
199 silly addNameRange     '3.0.0',
199 silly addNameRange     '3.1.0',
199 silly addNameRange     '3.2.0',
199 silly addNameRange     '3.2.1',
199 silly addNameRange     '3.3.0',
199 silly addNameRange     '3.4.0',
199 silly addNameRange     '3.5.0',
199 silly addNameRange     '3.5.1',
199 silly addNameRange     '3.6.0',
199 silly addNameRange     '3.7.0',
199 silly addNameRange     '3.8.0',
199 silly addNameRange     '3.9.0',
199 silly addNameRange     '3.10.0',
199 silly addNameRange     '3.11.0',
199 silly addNameRange     '3.11.1',
199 silly addNameRange     '3.11.2',
199 silly addNameRange     '3.12.0',
199 silly addNameRange     '3.13.0',
199 silly addNameRange     '3.14.0',
199 silly addNameRange     '3.14.1',
199 silly addNameRange     '3.15.0',
199 silly addNameRange     '3.16.0',
199 silly addNameRange     '3.16.1',
199 silly addNameRange     '3.17.0',
199 silly addNameRange     '3.17.1',
199 silly addNameRange     '3.17.2',
199 silly addNameRange     '3.18.0',
199 silly addNameRange     '3.18.1',
199 silly addNameRange     '3.19.0',
199 silly addNameRange     '3.19.1',
199 silly addNameRange     '3.20.0',
199 silly addNameRange     '3.21.0',
199 silly addNameRange     '3.22.0',
199 silly addNameRange     '3.22.1',
199 silly addNameRange     '3.22.2',
199 silly addNameRange     '3.23.0',
199 silly addNameRange     '3.24.0',
199 silly addNameRange     '3.25.0',
199 silly addNameRange     '3.26.0',
199 silly addNameRange     '3.27.0',
199 silly addNameRange     '3.28.0',
199 silly addNameRange     '3.29.0',
199 silly addNameRange     '3.30.0',
199 silly addNameRange     '3.32.0',
199 silly addNameRange     '3.33.0',
199 silly addNameRange     '3.34.0',
199 silly addNameRange     '3.35.0',
199 silly addNameRange     '3.36.0',
199 silly addNameRange     '3.37.0',
199 silly addNameRange     '3.38.0',
199 silly addNameRange     '3.39.0',
199 silly addNameRange     '3.40.0',
199 silly addNameRange     '3.40.1',
199 silly addNameRange     '3.41.0',
199 silly addNameRange     '3.41.1',
199 silly addNameRange     '3.41.2',
199 silly addNameRange     '3.41.3',
199 silly addNameRange     '3.42.0',
199 silly addNameRange     '3.43.0',
199 silly addNameRange     '4.0.0',
199 silly addNameRange     '4.0.1',
199 silly addNameRange     '4.0.2',
199 silly addNameRange     '4.0.3',
199 silly addNameRange     '4.0.4',
199 silly addNameRange     '4.0.5',
199 silly addNameRange     '4.0.6',
199 silly addNameRange     '4.1.0',
199 silly addNameRange     '4.2.0',
199 silly addNameRange     '4.2.1',
199 silly addNameRange     '4.3.0',
199 silly addNameRange     '4.4.0',
199 silly addNameRange     '4.5.0',
199 silly addNameRange     '4.5.1',
199 silly addNameRange     '4.5.2',
199 silly addNameRange     '4.6.0',
199 silly addNameRange     '4.6.1',
199 silly addNameRange     '4.7.0',
199 silly addNameRange     '4.7.1',
199 silly addNameRange     '4.8.0',
199 silly addNameRange     '4.9.0',
199 silly addNameRange     '5.0.0',
199 silly addNameRange     '5.1.0' ] ]
200 verbose addNamed [ 'validator', '4.9.0' ]
201 verbose addNamed [ '4.9.0', '4.9.0' ]
202 silly lockFile 278e9ef2-validator-4-9-0 validator@4.9.0
203 verbose lock validator@4.9.0 /Users/tgdn/.npm/278e9ef2-validator-4-9-0.lock
204 silly lockFile 278e9ef2-validator-4-9-0 validator@4.9.0
205 silly lockFile 278e9ef2-validator-4-9-0 validator@4.9.0
206 silly lockFile 9fcaca0d-validator-4-9-0 validator@^4.9.0
207 silly lockFile 9fcaca0d-validator-4-9-0 validator@^4.9.0
208 http 200 https://registry.npmjs.org/babel-loader/-/babel-loader-6.2.4.tgz
209 silly lockFile c02a7da3-el-loader-babel-loader-6-2-4-tgz https://registry.npmjs.org/babel-loader/-/babel-loader-6.2.4.tgz
210 silly lockFile c02a7da3-el-loader-babel-loader-6-2-4-tgz https://registry.npmjs.org/babel-loader/-/babel-loader-6.2.4.tgz
211 silly lockFile 0dca7372-babel-loader-6-2-4 babel-loader@6.2.4
212 silly lockFile 0dca7372-babel-loader-6-2-4 babel-loader@6.2.4
213 silly lockFile 2db950cc-babel-loader-6-2-3 babel-loader@^6.2.3
214 silly lockFile 2db950cc-babel-loader-6-2-3 babel-loader@^6.2.3
215 http 200 https://registry.npmjs.org/babel-preset-es2015/-/babel-preset-es2015-6.6.0.tgz
216 silly lockFile 0378e675-15-babel-preset-es2015-6-6-0-tgz https://registry.npmjs.org/babel-preset-es2015/-/babel-preset-es2015-6.6.0.tgz
217 silly lockFile 0378e675-15-babel-preset-es2015-6-6-0-tgz https://registry.npmjs.org/babel-preset-es2015/-/babel-preset-es2015-6.6.0.tgz
218 silly lockFile 172d6825-babel-preset-es2015-6-6-0 babel-preset-es2015@6.6.0
219 silly lockFile 172d6825-babel-preset-es2015-6-6-0 babel-preset-es2015@6.6.0
220 silly lockFile 9201fd7e-babel-preset-es2015-6-5-0 babel-preset-es2015@^6.5.0
221 silly lockFile 9201fd7e-babel-preset-es2015-6-5-0 babel-preset-es2015@^6.5.0
222 http 200 https://registry.npmjs.org/babel-core
223 silly registry.get cb [ 200,
223 silly registry.get   { server: 'CouchDB/1.5.0 (Erlang OTP/R16B03)',
223 silly registry.get     etag: '"76XTJAN689TAVP1YT338SCYAA"',
223 silly registry.get     'content-type': 'application/json',
223 silly registry.get     'cache-control': 'max-age=300',
223 silly registry.get     'content-length': '417530',
223 silly registry.get     'accept-ranges': 'bytes',
223 silly registry.get     date: 'Thu, 03 Mar 2016 11:58:29 GMT',
223 silly registry.get     via: '1.1 varnish',
223 silly registry.get     age: '12',
223 silly registry.get     connection: 'keep-alive',
223 silly registry.get     'x-served-by': 'cache-lhr6325-LHR',
223 silly registry.get     'x-cache': 'HIT',
223 silly registry.get     'x-cache-hits': '2',
223 silly registry.get     'x-timer': 'S1457006309.759523,VS0,VE0',
223 silly registry.get     vary: 'Accept' } ]
224 silly addNameRange number 2 { name: 'babel-core',
224 silly addNameRange   range: '>=6.5.2-0 <7.0.0-0',
224 silly addNameRange   hasData: true }
225 silly addNameRange versions [ 'babel-core',
225 silly addNameRange   [ '4.0.1',
225 silly addNameRange     '4.0.2',
225 silly addNameRange     '4.1.1',
225 silly addNameRange     '4.2.0',
225 silly addNameRange     '4.2.1',
225 silly addNameRange     '4.3.0',
225 silly addNameRange     '4.4.1',
225 silly addNameRange     '4.4.2',
225 silly addNameRange     '4.4.3',
225 silly addNameRange     '4.4.4',
225 silly addNameRange     '4.4.5',
225 silly addNameRange     '4.4.6',
225 silly addNameRange     '4.5.0',
225 silly addNameRange     '4.5.1',
225 silly addNameRange     '4.5.2',
225 silly addNameRange     '4.5.3',
225 silly addNameRange     '4.5.4',
225 silly addNameRange     '4.5.5',
225 silly addNameRange     '4.6.0',
225 silly addNameRange     '4.6.1',
225 silly addNameRange     '4.6.3',
225 silly addNameRange     '4.6.4',
225 silly addNameRange     '4.6.5',
225 silly addNameRange     '4.6.6',
225 silly addNameRange     '4.7.0',
225 silly addNameRange     '4.7.1',
225 silly addNameRange     '4.7.2',
225 silly addNameRange     '4.7.3',
225 silly addNameRange     '4.7.4',
225 silly addNameRange     '4.7.5',
225 silly addNameRange     '4.7.6',
225 silly addNameRange     '4.7.7',
225 silly addNameRange     '4.7.8',
225 silly addNameRange     '4.7.9',
225 silly addNameRange     '4.7.10',
225 silly addNameRange     '4.7.11',
225 silly addNameRange     '4.7.12',
225 silly addNameRange     '4.7.13',
225 silly addNameRange     '4.7.14',
225 silly addNameRange     '4.7.15',
225 silly addNameRange     '4.7.16',
225 silly addNameRange     '5.0.0-beta2',
225 silly addNameRange     '5.0.0-beta3',
225 silly addNameRange     '5.0.0-beta4',
225 silly addNameRange     '5.0.0',
225 silly addNameRange     '5.0.1',
225 silly addNameRange     '5.0.2',
225 silly addNameRange     '5.0.3',
225 silly addNameRange     '5.0.4',
225 silly addNameRange     '5.0.5',
225 silly addNameRange     '5.0.6',
225 silly addNameRange     '5.0.7',
225 silly addNameRange     '5.0.8',
225 silly addNameRange     '5.0.9',
225 silly addNameRange     '5.0.10',
225 silly addNameRange     '5.0.11',
225 silly addNameRange     '5.0.12',
225 silly addNameRange     '5.0.13',
225 silly addNameRange     '5.1.0',
225 silly addNameRange     '5.1.1',
225 silly addNameRange     '5.1.2',
225 silly addNameRange     '5.1.3',
225 silly addNameRange     '5.1.4',
225 silly addNameRange     '5.1.5',
225 silly addNameRange     '5.1.6',
225 silly addNameRange     '5.1.7',
225 silly addNameRange     '5.1.8',
225 silly addNameRange     '5.1.9',
225 silly addNameRange     '5.1.10',
225 silly addNameRange     '5.1.11',
225 silly addNameRange     '5.1.12',
225 silly addNameRange     '5.1.13',
225 silly addNameRange     '5.2.0',
225 silly addNameRange     '5.2.1',
225 silly addNameRange     '5.2.2',
225 silly addNameRange     '5.2.3',
225 silly addNameRange     '5.2.4',
225 silly addNameRange     '5.2.5',
225 silly addNameRange     '5.2.6',
225 silly addNameRange     '5.2.7',
225 silly addNameRange     '5.2.9',
225 silly addNameRange     '5.2.10',
225 silly addNameRange     '5.2.11',
225 silly addNameRange     '5.2.12',
225 silly addNameRange     '5.2.13',
225 silly addNameRange     '5.2.14',
225 silly addNameRange     '5.2.15',
225 silly addNameRange     '5.2.16',
225 silly addNameRange     '5.2.17',
225 silly addNameRange     '5.3.0',
225 silly addNameRange     '5.3.1',
225 silly addNameRange     '5.3.2',
225 silly addNameRange     '5.3.3',
225 silly addNameRange     '5.4.0',
225 silly addNameRange     '5.4.1',
225 silly addNameRange     '5.4.2',
225 silly addNameRange     '5.4.3',
225 silly addNameRange     '5.4.4',
225 silly addNameRange     '5.4.5',
225 silly addNameRange     '5.4.6',
225 silly addNameRange     '5.4.7',
225 silly addNameRange     '5.5.0',
225 silly addNameRange     '5.5.1',
225 silly addNameRange     '5.5.2',
225 silly addNameRange     '5.5.3',
225 silly addNameRange     '5.5.4',
225 silly addNameRange     '5.5.5',
225 silly addNameRange     '5.5.6',
225 silly addNameRange     '5.5.7',
225 silly addNameRange     '5.5.8',
225 silly addNameRange     '5.6.1',
225 silly addNameRange     '5.6.2',
225 silly addNameRange     '5.6.3',
225 silly addNameRange     '5.6.4',
225 silly addNameRange     '5.6.5',
225 silly addNameRange     '5.6.6',
225 silly addNameRange     '5.6.7',
225 silly addNameRange     '5.6.10',
225 silly addNameRange     '5.6.11',
225 silly addNameRange     '5.6.12',
225 silly addNameRange     '5.6.14',
225 silly addNameRange     '5.6.15',
225 silly addNameRange     '5.6.16',
225 silly addNameRange     '5.6.18',
225 silly addNameRange     '5.6.19',
225 silly addNameRange     '5.6.20',
225 silly addNameRange     '5.7.0',
225 silly addNameRange     '5.7.1',
225 silly addNameRange     '5.7.2',
225 silly addNameRange     '5.7.3',
225 silly addNameRange     '5.7.4',
225 silly addNameRange     '5.8.1',
225 silly addNameRange     '5.8.2',
225 silly addNameRange     '5.8.3',
225 silly addNameRange     '5.8.5',
225 silly addNameRange     '5.8.6',
225 silly addNameRange     '5.8.8',
225 silly addNameRange     '5.8.9',
225 silly addNameRange     '5.8.12',
225 silly addNameRange     '5.8.14',
225 silly addNameRange     '5.8.19',
225 silly addNameRange     '5.8.20',
225 silly addNameRange     '5.8.21',
225 silly addNameRange     '5.8.22',
225 silly addNameRange     '5.8.23',
225 silly addNameRange     '5.8.24',
225 silly addNameRange     '5.8.25',
225 silly addNameRange     '5.8.29',
225 silly addNameRange     '5.8.30',
225 silly addNameRange     '5.8.31',
225 silly addNameRange     '5.8.32',
225 silly addNameRange     '5.8.33',
225 silly addNameRange     '6.0.0',
225 silly addNameRange     '6.0.1',
225 silly addNameRange     '6.0.2',
225 silly addNameRange     '6.0.12',
225 silly addNameRange     '6.0.14',
225 silly addNameRange     '6.0.15',
225 silly addNameRange     '6.0.16',
225 silly addNameRange     '6.0.17',
225 silly addNameRange     '6.0.18',
225 silly addNameRange     '6.0.19',
225 silly addNameRange     '6.0.20',
225 silly addNameRange     '6.1.2',
225 silly addNameRange     '6.1.4',
225 silly addNameRange     '5.8.34',
225 silly addNameRange     '6.1.5',
225 silly addNameRange     '6.1.6',
225 silly addNameRange     '6.1.7',
225 silly addNameRange     '6.1.8',
225 silly addNameRange     '6.1.9',
225 silly addNameRange     '6.1.10',
225 silly addNameRange     '6.1.11',
225 silly addNameRange     '6.1.12',
225 silly addNameRange     '6.1.13',
225 silly addNameRange     '6.1.14',
225 silly addNameRange     '6.1.15',
225 silly addNameRange     '6.1.16',
225 silly addNameRange     '6.1.17',
225 silly addNameRange     '6.1.18',
225 silly addNameRange     '6.1.19',
225 silly addNameRange     '6.1.20',
225 silly addNameRange     '6.1.21',
225 silly addNameRange     '6.2.0',
225 silly addNameRange     '6.2.1',
225 silly addNameRange     '6.2.4',
225 silly addNameRange     '6.3.2',
225 silly addNameRange     '6.3.13',
225 silly addNameRange     '6.3.15',
225 silly addNameRange     '6.3.17',
225 silly addNameRange     '6.3.21',
225 silly addNameRange     '6.3.26',
225 silly addNameRange     '6.4.0',
225 silly addNameRange     '6.4.5',
225 silly addNameRange     '5.8.35',
225 silly addNameRange     '6.5.0',
225 silly addNameRange     '6.5.0-1',
225 silly addNameRange     '6.5.1',
225 silly addNameRange     '6.5.2',
225 silly addNameRange     '6.5.2-canary.ab7533ed',
225 silly addNameRange     '6.6.0',
225 silly addNameRange     '6.6.4' ] ]
226 verbose addNamed [ 'babel-core', '6.6.4' ]
227 verbose addNamed [ '6.6.4', '6.6.4' ]
228 silly lockFile 172c8f20-babel-core-6-6-4 babel-core@6.6.4
229 verbose lock babel-core@6.6.4 /Users/tgdn/.npm/172c8f20-babel-core-6-6-4.lock
230 silly lockFile 4554d161--babel-core-babel-core-6-6-4-tgz https://registry.npmjs.org/babel-core/-/babel-core-6.6.4.tgz
231 verbose lock https://registry.npmjs.org/babel-core/-/babel-core-6.6.4.tgz /Users/tgdn/.npm/4554d161--babel-core-babel-core-6-6-4-tgz.lock
232 verbose addRemoteTarball [ 'https://registry.npmjs.org/babel-core/-/babel-core-6.6.4.tgz',
232 verbose addRemoteTarball   'da93701a289fa40d3f250dd779544aa1c0af662b' ]
233 info retry fetch attempt 1 at 11:58:38
234 verbose fetch to= /var/folders/1h/9x0f8rg9463cvmjgdm0v44l00000gn/T/npm-34547-JuA9XRGr/registry.npmjs.org/babel-core/-/babel-core-6.6.4.tgz
235 http GET https://registry.npmjs.org/babel-core/-/babel-core-6.6.4.tgz
236 http 200 https://registry.npmjs.org/babel-core/-/babel-core-6.6.4.tgz
237 silly lockFile 4554d161--babel-core-babel-core-6-6-4-tgz https://registry.npmjs.org/babel-core/-/babel-core-6.6.4.tgz
238 silly lockFile 4554d161--babel-core-babel-core-6-6-4-tgz https://registry.npmjs.org/babel-core/-/babel-core-6.6.4.tgz
239 silly lockFile 172c8f20-babel-core-6-6-4 babel-core@6.6.4
240 silly lockFile 172c8f20-babel-core-6-6-4 babel-core@6.6.4
241 silly lockFile e19c6dc9-babel-core-6-5-2 babel-core@^6.5.2
242 silly lockFile e19c6dc9-babel-core-6-5-2 babel-core@^6.5.2
243 http 200 https://registry.npmjs.org/webpack
244 silly registry.get cb [ 200,
244 silly registry.get   { server: 'CouchDB/1.5.0 (Erlang OTP/R16B03)',
244 silly registry.get     etag: '"BY74DSBOTT66T3H6LS02NEFJR"',
244 silly registry.get     'content-type': 'application/json',
244 silly registry.get     'cache-control': 'max-age=300',
244 silly registry.get     'content-length': '766583',
244 silly registry.get     'accept-ranges': 'bytes',
244 silly registry.get     date: 'Thu, 03 Mar 2016 11:58:30 GMT',
244 silly registry.get     via: '1.1 varnish',
244 silly registry.get     age: '132',
244 silly registry.get     connection: 'keep-alive',
244 silly registry.get     'x-served-by': 'cache-lhr6332-LHR',
244 silly registry.get     'x-cache': 'HIT',
244 silly registry.get     'x-cache-hits': '259',
244 silly registry.get     'x-timer': 'S1457006310.858306,VS0,VE0',
244 silly registry.get     vary: 'Accept' } ]
245 silly addNameRange number 2 { name: 'webpack', range: '>=1.12.13-0 <2.0.0-0', hasData: true }
246 silly addNameRange versions [ 'webpack',
246 silly addNameRange   [ '0.1.0',
246 silly addNameRange     '0.1.1',
246 silly addNameRange     '0.1.2',
246 silly addNameRange     '0.1.3',
246 silly addNameRange     '0.1.4',
246 silly addNameRange     '0.1.5',
246 silly addNameRange     '0.1.6',
246 silly addNameRange     '0.2.0',
246 silly addNameRange     '0.2.1',
246 silly addNameRange     '0.2.2',
246 silly addNameRange     '0.2.3',
246 silly addNameRange     '0.2.4',
246 silly addNameRange     '0.2.6',
246 silly addNameRange     '0.2.7',
246 silly addNameRange     '0.2.8',
246 silly addNameRange     '0.3.0',
246 silly addNameRange     '0.3.1',
246 silly addNameRange     '0.3.2',
246 silly addNameRange     '0.3.3',
246 silly addNameRange     '0.3.4',
246 silly addNameRange     '0.3.6',
246 silly addNameRange     '0.3.7',
246 silly addNameRange     '0.3.8',
246 silly addNameRange     '0.3.9',
246 silly addNameRange     '0.3.10',
246 silly addNameRange     '0.3.11',
246 silly addNameRange     '0.3.12',
246 silly addNameRange     '0.3.13',
246 silly addNameRange     '0.3.14',
246 silly addNameRange     '0.3.15',
246 silly addNameRange     '0.3.16',
246 silly addNameRange     '0.3.17',
246 silly addNameRange     '0.3.18',
246 silly addNameRange     '0.3.19',
246 silly addNameRange     '0.3.20',
246 silly addNameRange     '0.4.0',
246 silly addNameRange     '0.4.1',
246 silly addNameRange     '0.4.2',
246 silly addNameRange     '0.4.3',
246 silly addNameRange     '0.4.4',
246 silly addNameRange     '0.4.5',
246 silly addNameRange     '0.4.6',
246 silly addNameRange     '0.4.7',
246 silly addNameRange     '0.4.8',
246 silly addNameRange     '0.4.9',
246 silly addNameRange     '0.4.10',
246 silly addNameRange     '0.4.11',
246 silly addNameRange     '0.4.12',
246 silly addNameRange     '0.4.13',
246 silly addNameRange     '0.4.14',
246 silly addNameRange     '0.4.15',
246 silly addNameRange     '0.4.16',
246 silly addNameRange     '0.4.17',
246 silly addNameRange     '0.4.18',
246 silly addNameRange     '0.4.19',
246 silly addNameRange     '0.4.20',
246 silly addNameRange     '0.4.21',
246 silly addNameRange     '0.4.23',
246 silly addNameRange     '0.4.24',
246 silly addNameRange     '0.4.25',
246 silly addNameRange     '0.5.0',
246 silly addNameRange     '0.5.1',
246 silly addNameRange     '0.5.2',
246 silly addNameRange     '0.5.3',
246 silly addNameRange     '0.5.4',
246 silly addNameRange     '0.5.5',
246 silly addNameRange     '0.5.6',
246 silly addNameRange     '0.5.7',
246 silly addNameRange     '0.5.8',
246 silly addNameRange     '0.5.10',
246 silly addNameRange     '0.6.0',
246 silly addNameRange     '0.6.1',
246 silly addNameRange     '0.6.2',
246 silly addNameRange     '0.7.0-beta',
246 silly addNameRange     '0.7.0-beta2',
246 silly addNameRange     '0.7.0-beta3',
246 silly addNameRange     '0.7.0-beta4',
246 silly addNameRange     '0.7.0-beta5',
246 silly addNameRange     '0.7.0-beta6',
246 silly addNameRange     '0.7.0-beta7',
246 silly addNameRange     '0.7.0-beta8',
246 silly addNameRange     '0.7.0',
246 silly addNameRange     '0.7.1',
246 silly addNameRange     '0.7.2',
246 silly addNameRange     '0.7.3',
246 silly addNameRange     '0.7.4',
246 silly addNameRange     '0.7.5',
246 silly addNameRange     '0.7.6',
246 silly addNameRange     '0.7.7',
246 silly addNameRange     '0.7.8',
246 silly addNameRange     '0.7.9',
246 silly addNameRange     '0.7.11',
246 silly addNameRange     '0.7.12',
246 silly addNameRange     '0.7.13',
246 silly addNameRange     '0.7.14',
246 silly addNameRange     '0.7.15',
246 silly addNameRange     '0.7.16',
246 silly addNameRange     '0.7.17',
246 silly addNameRange     '0.8.0-beta1',
246 silly addNameRange     '0.8.0-beta2',
246 silly addNameRange     '0.8.0-beta3',
246 silly addNameRange     '0.8.0-beta4',
246 silly addNameRange     '0.8.0',
246 silly addNameRange     '0.8.2',
246 silly addNameRange     '0.8.3',
246 silly addNameRange     '0.9.0-beta1',
246 silly addNameRange     '0.9.0-beta2',
246 silly addNameRange     '0.9.0-beta4',
246 silly addNameRange     '0.9.0-beta5',
246 silly addNameRange     '0.9.0-beta6',
246 silly addNameRange     '0.9.0-beta7',
246 silly addNameRange     '0.9.0-beta8',
246 silly addNameRange     '0.9.0-beta9',
246 silly addNameRange     '0.9.0-beta10',
246 silly addNameRange     '0.9.0-beta11',
246 silly addNameRange     '0.9.0-beta12',
246 silly addNameRange     '0.9.0-beta13',
246 silly addNameRange     '0.9.0-beta14',
246 silly addNameRange     '0.9.0-beta15',
246 silly addNameRange     '0.9.0-beta16',
246 silly addNameRange     '0.9.0-beta17',
246 silly addNameRange     '0.9.0-beta18',
246 silly addNameRange     '0.9.0-beta19',
246 silly addNameRange     '0.9.0-beta20',
246 silly addNameRange     '0.9.0-beta21',
246 silly addNameRange     '0.9.0-beta22',
246 silly addNameRange     '0.9.0-beta23',
246 silly addNameRange     '0.9.0-beta24',
246 silly addNameRange     '0.9.0-beta25',
246 silly addNameRange     '0.9.0-beta26',
246 silly addNameRange     '0.9.0-beta27',
246 silly addNameRange     '0.9.0-beta28',
246 silly addNameRange     '0.9.0-beta29',
246 silly addNameRange     '0.9.0-beta30',
246 silly addNameRange     '0.9.0-beta31',
246 silly addNameRange     '0.9.0-beta32',
246 silly addNameRange     '0.9.0-beta33',
246 silly addNameRange     '0.9.0-beta34',
246 silly addNameRange     '0.9.0-beta35',
246 silly addNameRange     '0.9.0-beta36',
246 silly addNameRange     '0.9.0-beta37',
246 silly addNameRange     '0.9.0-beta38',
246 silly addNameRange     '0.9.0',
246 silly addNameRange     '0.9.1',
246 silly addNameRange     '0.9.2',
246 silly addNameRange     '0.9.3',
246 silly addNameRange     '0.10.0-beta2',
246 silly addNameRange     '0.10.0-beta3',
246 silly addNameRange     '0.10.0-beta5',
246 silly addNameRange     '0.10.0-beta6',
246 silly addNameRange     '0.10.0-beta7',
246 silly addNameRange     '0.10.0-beta8',
246 silly addNameRange     '0.10.0-beta9',
246 silly addNameRange     '0.10.0-beta10',
246 silly addNameRange     '0.10.0-beta11',
246 silly addNameRange     '0.10.0-beta12',
246 silly addNameRange     '0.10.0-beta13',
246 silly addNameRange     '0.10.0-beta14',
246 silly addNameRange     '0.10.0-beta15',
246 silly addNameRange     '0.10.0-beta16',
246 silly addNameRange     '0.10.0-beta17',
246 silly addNameRange     '0.10.0-beta18',
246 silly addNameRange     '0.10.0-beta19',
246 silly addNameRange     '0.10.0-beta20',
246 silly addNameRange     '0.10.0-beta21',
246 silly addNameRange     '0.10.0-beta22',
246 silly addNameRange     '0.10.0-beta23',
246 silly addNameRange     '0.10.0-beta24',
246 silly addNameRange     '0.10.0-beta25',
246 silly addNameRange     '0.10.0',
246 silly addNameRange     '0.11.0-beta1',
246 silly addNameRange     '0.11.0-beta2',
246 silly addNameRange     '0.11.0-beta3',
246 silly addNameRange     '0.11.0-beta4',
246 silly addNameRange     '0.11.0-beta5',
246 silly addNameRange     '0.11.0-beta6',
246 silly addNameRange     '0.11.0-beta7',
246 silly addNameRange     '0.11.0-beta8',
246 silly addNameRange     '0.11.0-beta9',
246 silly addNameRange     '0.11.0-beta10',
246 silly addNameRange     '0.11.0-beta11',
246 silly addNameRange     '0.11.0-beta12',
246 silly addNameRange     '0.11.0-beta13',
246 silly addNameRange     '0.11.0-beta14',
246 silly addNameRange     '0.11.0-beta15',
246 silly addNameRange     '0.11.0-beta16',
246 silly addNameRange     '0.11.0-beta17',
246 silly addNameRange     '0.11.0-beta18',
246 silly addNameRange     '0.11.0-beta19',
246 silly addNameRange     '0.11.0-beta20',
246 silly addNameRange     '0.11.0-beta21',
246 silly addNameRange     '0.11.0-beta22',
246 silly addNameRange     '0.11.0-beta23',
246 silly addNameRange     '0.11.0-beta24',
246 silly addNameRange     '0.11.0-beta25',
246 silly addNameRange     '0.11.0-beta26',
246 silly addNameRange     '0.11.0-beta27',
246 silly addNameRange     '0.11.0-beta28',
246 silly addNameRange     '0.11.0-beta29',
246 silly addNameRange     '0.11.0',
246 silly addNameRange     '0.11.1',
246 silly addNameRange     '0.11.2',
246 silly addNameRange     '0.11.3',
246 silly addNameRange     '0.11.4',
246 silly addNameRange     '0.11.5',
246 silly addNameRange     '0.11.6',
246 silly addNameRange     '0.11.7',
246 silly addNameRange     '0.11.8',
246 silly addNameRange     '0.11.9',
246 silly addNameRange     '0.11.10',
246 silly addNameRange     '0.11.11',
246 silly addNameRange     '0.11.12',
246 silly addNameRange     '0.11.13',
246 silly addNameRange     '0.11.14',
246 silly addNameRange     '0.11.15',
246 silly addNameRange     '1.0.0-beta1',
246 silly addNameRange     '1.0.0-beta2',
246 silly addNameRange     '1.0.0-beta3',
246 silly addNameRange     '1.0.0-beta4',
246 silly addNameRange     '0.11.16',
246 silly addNameRange     '0.11.17',
246 silly addNameRange     '0.11.18',
246 silly addNameRange     '1.0.0-beta5',
246 silly addNameRange     '1.0.0-beta6',
246 silly addNameRange     '1.0.0-beta7',
246 silly addNameRange     '1.0.0-beta8',
246 silly addNameRange     '1.0.0-beta9',
246 silly addNameRange     '1.0.0-rc1',
246 silly addNameRange     '1.0.0-rc2',
246 silly addNameRange     '1.0.0-rc3',
246 silly addNameRange     '1.0.0-rc4',
246 silly addNameRange     '1.0.0-rc5',
246 silly addNameRange     '1.0.0-rc7',
246 silly addNameRange     '1.0.0-rc8',
246 silly addNameRange     '1.0.0-rc9',
246 silly addNameRange     '1.0.0-rc11',
246 silly addNameRange     '1.0.0-rc12',
246 silly addNameRange     '1.0.0',
246 silly addNameRange     '1.0.1',
246 silly addNameRange     '1.0.3',
246 silly addNameRange     '1.0.4',
246 silly addNameRange     '1.0.5',
246 silly addNameRange     '1.1.0-beta1',
246 silly addNameRange     '1.1.0-beta2',
246 silly addNameRange     '1.1.0-beta3',
246 silly addNameRange     '1.1.0-beta4',
246 silly addNameRange     '1.1.0-beta5',
246 silly addNameRange     '1.1.0-beta6',
246 silly addNameRange     '1.1.0-beta7',
246 silly addNameRange     '1.1.0-beta8',
246 silly addNameRange     '1.1.0-beta9',
246 silly addNameRange     '1.1.0-beta10',
246 silly addNameRange     '1.1.0-beta12',
246 silly addNameRange     '1.1.0',
246 silly addNameRange     '1.1.1',
246 silly addNameRange     '1.1.2',
246 silly addNameRange     '1.1.3',
246 silly addNameRange     '1.1.4',
246 silly addNameRange     '1.1.5',
246 silly addNameRange     '1.1.6',
246 silly addNameRange     '1.1.7',
246 silly addNameRange     '1.1.8',
246 silly addNameRange     '1.1.9',
246 silly addNameRange     '1.1.10',
246 silly addNameRange     '1.1.11',
246 silly addNameRange     '1.2.0-beta1',
246 silly addNameRange     '1.2.0-beta2',
246 silly addNameRange     '1.2.0-beta4',
246 silly addNameRange     '1.2.0-beta5',
246 silly addNameRange     '1.2.0-beta6',
246 silly addNameRange     '1.3.0-beta1',
246 silly addNameRange     '1.3.0-beta2',
246 silly addNameRange     '1.3.0-beta3',
246 silly addNameRange     '1.3.0-beta4',
246 silly addNameRange     '1.3.0-beta5',
246 silly addNameRange     '1.3.0-beta6',
246 silly addNameRange     '1.3.0-beta7',
246 silly addNameRange     '1.3.0-beta8',
246 silly addNameRange     '1.3.0-beta9',
246 silly addNameRange     '1.3.1-beta1',
246 silly addNameRange     '1.3.1-beta2',
246 silly addNameRange     '1.3.1-beta3',
246 silly addNameRange     '1.3.1-beta4',
246 silly addNameRange     '1.3.1-beta5',
246 silly addNameRange     '1.3.1-beta6',
246 silly addNameRange     '1.3.1-beta7',
246 silly addNameRange     '1.3.1-beta8',
246 silly addNameRange     '1.3.1-beta9',
246 silly addNameRange     '1.3.2-beta1',
246 silly addNameRange     '1.3.2-beta2',
246 silly addNameRange     '1.3.2-beta3',
246 silly addNameRange     '1.3.2-beta4',
246 silly addNameRange     '1.3.2-beta5',
246 silly addNameRange     '1.3.2-beta6',
246 silly addNameRange     '1.3.2-beta7',
246 silly addNameRange     '1.3.2-beta8',
246 silly addNameRange     '1.3.2-beta9',
246 silly addNameRange     '1.3.3-beta1',
246 silly addNameRange     '1.3.3-beta2',
246 silly addNameRange     '1.3.4',
246 silly addNameRange     '1.3.5',
246 silly addNameRange     '1.3.6',
246 silly addNameRange     '1.3.7',
246 silly addNameRange     '1.4.0-beta1',
246 silly addNameRange     '1.4.0-beta2',
246 silly addNameRange     '1.4.0-beta3',
246 silly addNameRange     '1.4.0-beta4',
246 silly addNameRange     '1.4.0-beta5',
246 silly addNameRange     '1.4.0-beta6',
246 silly addNameRange     '1.4.0-beta7',
246 silly addNameRange     '1.4.0-beta8',
246 silly addNameRange     '1.4.0-beta9',
246 silly addNameRange     '1.4.0-beta10',
246 silly addNameRange     '1.4.1-beta1',
246 silly addNameRange     '1.4.2',
246 silly addNameRange     '1.4.3',
246 silly addNameRange     '1.4.4',
246 silly addNameRange     '1.4.5',
246 silly addNameRange     '1.4.6',
246 silly addNameRange     '1.4.7',
246 silly addNameRange     '1.4.8',
246 silly addNameRange     '1.4.9',
246 silly addNameRange     '1.4.10',
246 silly addNameRange     '1.4.11',
246 silly addNameRange     '1.4.12',
246 silly addNameRange     '1.4.13',
246 silly addNameRange     '1.4.14',
246 silly addNameRange     '1.4.15',
246 silly addNameRange     '1.5.0',
246 silly addNameRange     '1.5.1',
246 silly addNameRange     '1.5.2',
246 silly addNameRange     '1.5.3',
246 silly addNameRange     '1.6.0',
246 silly addNameRange     '1.7.0',
246 silly addNameRange     '1.7.1',
246 silly addNameRange     '1.7.2',
246 silly addNameRange     '1.7.3',
246 silly addNameRange     '1.8.0',
246 silly addNameRange     '1.8.1',
246 silly addNameRange     '1.8.2',
246 silly addNameRange     '1.8.3',
246 silly addNameRange     '1.8.4',
246 silly addNameRange     '1.8.5',
246 silly addNameRange     '1.8.6',
246 silly addNameRange     '1.8.7',
246 silly addNameRange     '1.8.8',
246 silly addNameRange     '1.8.9',
246 silly addNameRange     '1.8.10',
246 silly addNameRange     '1.8.11',
246 silly addNameRange     '1.9.0',
246 silly addNameRange     '1.9.1',
246 silly addNameRange     '1.9.2',
246 silly addNameRange     '1.9.3',
246 silly addNameRange     '1.9.4',
246 silly addNameRange     '1.9.5',
246 silly addNameRange     '1.9.6',
246 silly addNameRange     '1.9.7',
246 silly addNameRange     '1.9.8',
246 silly addNameRange     '1.9.9',
246 silly addNameRange     '1.9.10',
246 silly addNameRange     '1.9.11',
246 silly addNameRange     '1.9.12',
246 silly addNameRange     '1.9.13',
246 silly addNameRange     '1.10.0',
246 silly addNameRange     '1.10.1',
246 silly addNameRange     '1.10.2',
246 silly addNameRange     '1.10.3',
246 silly addNameRange     '1.10.4',
246 silly addNameRange     '1.10.5',
246 silly addNameRange     '1.11.0',
246 silly addNameRange     '1.12.0',
246 silly addNameRange     '1.12.1',
246 silly addNameRange     '1.12.2',
246 silly addNameRange     '2.0.0-beta',
246 silly addNameRange     '1.12.3',
246 silly addNameRange     '1.12.4',
246 silly addNameRange     '1.12.5',
246 silly addNameRange     '1.12.6',
246 silly addNameRange     '1.12.7',
246 silly addNameRange     '1.12.8',
246 silly addNameRange     '1.12.9',
246 silly addNameRange     '2.0.1-beta',
246 silly addNameRange     '2.0.2-beta',
246 silly addNameRange     '1.12.10',
246 silly addNameRange     '1.12.11',
246 silly addNameRange     '2.0.4-beta',
246 silly addNameRange     '1.12.12',
246 silly addNameRange     '2.0.5-beta',
246 silly addNameRange     '2.0.6-beta',
246 silly addNameRange     '2.0.7-beta',
246 silly addNameRange     '1.12.13',
246 silly addNameRange     '2.1.0-beta.0',
246 silly addNameRange     '2.1.0-beta.1',
246 silly addNameRange     '2.1.0-beta.2',
246 silly addNameRange     '1.12.14',
246 silly addNameRange     '2.1.0-beta.3',
246 silly addNameRange     '2.1.0-beta.4' ] ]
247 verbose addNamed [ 'webpack', '1.12.14' ]
248 verbose addNamed [ '1.12.14', '1.12.14' ]
249 silly lockFile 67d8051f-webpack-1-12-14 webpack@1.12.14
250 verbose lock webpack@1.12.14 /Users/tgdn/.npm/67d8051f-webpack-1-12-14.lock
251 silly lockFile 67d8051f-webpack-1-12-14 webpack@1.12.14
252 silly lockFile 67d8051f-webpack-1-12-14 webpack@1.12.14
253 silly lockFile 00d9fbd5-webpack-1-12-13 webpack@^1.12.13
254 silly lockFile 00d9fbd5-webpack-1-12-13 webpack@^1.12.13
255 error Error: EACCES, mkdir '/Users/tgdn/.npm/babel-preset-es2015/6.6.0'
255 error  { [Error: EACCES, mkdir '/Users/tgdn/.npm/babel-preset-es2015/6.6.0']
255 error   errno: 3,
255 error   code: 'EACCES',
255 error   path: '/Users/tgdn/.npm/babel-preset-es2015/6.6.0',
255 error   parent: 'green' }
256 error Please try running this command again as root/Administrator.
257 error System Darwin 14.5.0
258 error command "node" "/usr/local/bin/npm" "install"
259 error cwd /Applications/MAMP/htdocs/cs139/green/public/static/js
260 error node -v v0.10.32
261 error npm -v 1.4.28
262 error path /Users/tgdn/.npm/babel-preset-es2015/6.6.0
263 error code EACCES
264 error errno 3
265 error stack Error: EACCES, mkdir '/Users/tgdn/.npm/babel-preset-es2015/6.6.0'
266 verbose exit [ 3, true ]
